Initializing...
[MuOnlineDB] Connection Successfull!
[MeMuOnlineDB] Connection Successfull!
[RankingDB] Connection Successfull!
[EventDB] Connection Successfull!
[MuOnlineExDB] Connection Successfull!
23:32:45 SELECT * FROM Guild
23:32:45 [AddGuild] Guild [asdasdsa] Create Guild Master: [Coperfil]
23:32:45 SELECT * FROM GuildMember WHERE G_Name = 'asdasdsa'
[MuOnlineDB] GuildData Loaded in 469 msec
23:32:45 [IOCP] ST_JOINSERVER Start! PORT [ 55970 ]
23:32:45 [IOCP] ST_DATASERVER1 Start! PORT [ 55960 ]
23:32:45 [IOCP] ST_DATASERVER2 Start! PORT [ 55962 ]
23:32:45 [IOCP] ST_EXDATASERVER Start! PORT [ 55906 ]
23:32:45 [IOCP] ST_EVENTSERVER Start! PORT [ 44456 ]
23:32:46 [IOCP] ST_RANKINGSERVER Start! PORT [ 44455 ]
[Cash Shop] CashItemList.txt loaded in (0) msec !
23:32:46 [IOCP] ST_CASHSHOPSERVER Start! PORT [ 55821 ]
[JoinServer] could not read account name
[Cash Shop] LoadCashItemList() - reload
[Cash Shop] CashItemList.txt loaded in (0) msec !
Initializing...
[MuOnlineDB] Connection Successfull!
[MeMuOnlineDB] Connection Successfull!
[RankingDB] Connection Successfull!
[EventDB] Connection Successfull!
[MuOnlineExDB] Connection Successfull!
23:37:44 SELECT * FROM Guild
23:37:44 [AddGuild] Guild [asdasdsa] Create Guild Master: [Coperfil]
23:37:44 SELECT * FROM GuildMember WHERE G_Name = 'asdasdsa'
[MuOnlineDB] GuildData Loaded in 16 msec
23:37:44 [IOCP] ST_JOINSERVER Start! PORT [ 55970 ]
23:37:44 [IOCP] ST_DATASERVER1 Start! PORT [ 55960 ]
23:37:44 [IOCP] ST_DATASERVER2 Start! PORT [ 55962 ]
23:37:44 [IOCP] ST_EXDATASERVER Start! PORT [ 55906 ]
23:37:44 [IOCP] ST_EVENTSERVER Start! PORT [ 44456 ]
23:37:45 [IOCP] ST_RANKINGSERVER Start! PORT [ 44455 ]
[Cash Shop] CashItemList.txt loaded in (0) msec !
23:37:45 [IOCP] ST_CASHSHOPSERVER Start! PORT [ 55821 ]
