Initializing...
[MuOnlineDB] Connection Successfull!
[MeMuOnlineDB] Connection Successfull!
[RankingDB] Connection Successfull!
[EventDB] Connection Successfull!
[MuOnlineExDB] Connection Successfull!
18:14:14 SELECT * FROM Guild
18:14:14 [AddGuild] Guild [asdasdsa] Create Guild Master: [Coperfil]
18:14:14 SELECT * FROM GuildMember WHERE G_Name = 'asdasdsa'
[MuOnlineDB] GuildData Loaded in 62 msec
18:14:14 [IOCP] ST_JOINSERVER Start! PORT [ 55970 ]
18:14:14 [IOCP] ST_DATASERVER1 Start! PORT [ 55960 ]
18:14:15 [IOCP] ST_DATASERVER2 Start! PORT [ 55962 ]
18:14:15 [IOCP] ST_EXDATASERVER Start! PORT [ 55906 ]
18:14:15 [IOCP] ST_EVENTSERVER Start! PORT [ 44456 ]
18:14:15 [IOCP] ST_RANKINGSERVER Start! PORT [ 44455 ]
[Cash Shop] CashItemList.txt loaded in (0) msec !
18:14:15 [IOCP] ST_CASHSHOPSERVER Start! PORT [ 55821 ]
Initializing...
[RankingDB] Connection Successfull!
[EventDB] Connection Successfull!
[MuOnlineExDB] Connection Successfull!
18:14:30 SELECT * FROM Guild
18:14:30 [AddGuild] Guild [asdasdsa] Create Guild Master: [Coperfil]
18:14:30 SELECT * FROM GuildMember WHERE G_Name = 'asdasdsa'
[MuOnlineDB] GuildData Loaded in 15 msec
18:14:30 [IOCP] ST_EXDATASERVER Start! PORT [ 55906 ]
18:14:30 [IOCP] ST_EVENTSERVER Start! PORT [ 44456 ]
18:14:30 [IOCP] ST_RANKINGSERVER Start! PORT [ 44455 ]
18:14:43 [Server Engine] Connect : Index : 0 - IP : 127.0.0.1 - ServerType : 9
18:14:43 [Server Engine] Connect : Index : 1 - IP : 127.0.0.1 - ServerType : 8
18:14:43 [Server Engine] Connect : Index : 2 - IP : 127.0.0.1 - ServerType : 6
18:14:43[EX_DATA_SERVER][58] : (0xc1 0x3a 0x00 0x01 0x5d 0xda 0x42 0x4b 0x31 0x00 0x18 0x00 0x31 0x35 0x52 0x00 0x40 0x35 0x52 0x00 0xc8 0xd2 0x04 0x01 0x02 0x00 0xda 0x62 0x7f 0x00 0x00 0x01 0x00 0x00 0x00 0x00 0x01 0x00 0x00 0x00 0x12 0x52 0x42 0x9e 0x00 0x00 0x00 0x00 0x00 0x00 0x00 0x00 0xc4 0xfe 0x18 0x00 0x00 0x00 )
18:14:43 [ExDB] GameServer with ServerCode[0] connected.
18:14:44[EX_DATA_SERVER][3] : (0xc1 0x03 0x40 )
Connection Closed, dwIoSize == 0 (Index:0)
Connection Closed, dwIoSize == 0 (Index:1)
Connection Closed, dwIoSize == 0 (Index:2)
18:23:30 [Server Engine] Connect : Index : 0 - IP : 127.0.0.1 - ServerType : 9
18:23:30 [Server Engine] Connect : Index : 1 - IP : 127.0.0.1 - ServerType : 8
18:23:30 [Server Engine] Connect : Index : 2 - IP : 127.0.0.1 - ServerType : 6
18:23:30[EX_DATA_SERVER][58] : (0xc1 0x3a 0x00 0x01 0x5d 0xda 0x42 0x4b 0x31 0x00 0x18 0x00 0x31 0x35 0x52 0x00 0x40 0x35 0x52 0x00 0xc8 0xd2 0x04 0x01 0x02 0x00 0xda 0x62 0x7f 0x00 0x00 0x01 0x00 0x00 0x00 0x00 0x01 0x00 0x00 0x00 0xec 0x35 0x92 0xd6 0x00 0x00 0x00 0x00 0x00 0x00 0x00 0x00 0xc4 0xfe 0x18 0x00 0x00 0x00 )
18:23:30 [ExDB] GameServer with ServerCode[0] connected.
18:23:31[EX_DATA_SERVER][3] : (0xc1 0x03 0x40 )
